<?xml version="1.0" encoding="UTF-8"?>
<!-- Generated by org.testng.reporters.JUnitXMLReporter -->
<testsuite hostname="LAPTOP-6C3IMMPU" name="Regression1" tests="4" failures="0" timestamp="24 Jun 2021 02:22:28 GMT" time="132.958" errors="0">
  <testcase name="tc001" time="38.338" classname="com.hrms.testscripts.TC001"/>
  <testcase name="tc002" time="36.013" classname="com.hrms.testscripts.TC002"/>
  <testcase name="tc003" time="32.833" classname="com.hrms.testscripts.TC003"/>
  <testcase name="tc004" time="25.699" classname="com.hrms.testscripts.TC004"/>
</testsuite> <!-- Regression1 -->
