<?xml version="1.0" encoding="UTF-8"?>
<testng-results skipped="0" failed="0" total="4" passed="4">
  <reporter-output>
  </reporter-output>
  <suite name="Suite1" duration-ms="132958" started-at="2021-06-24T02:20:15Z" finished-at="2021-06-24T02:22:28Z">
    <groups>
    </groups>
    <test name="Regression1" duration-ms="132958" started-at="2021-06-24T02:20:15Z" finished-at="2021-06-24T02:22:28Z">
      <class name="com.hrms.testscripts.TC001">
        <test-method status="PASS" signature="tc001()[pri:0, instance:com.hrms.testscripts.TC001@3ee0fea4]" name="tc001" duration-ms="38338" started-at="2021-06-24T07:50:15Z" finished-at="2021-06-24T07:50:53Z">
          <reporter-output>
          </reporter-output>
        </test-method> <!-- tc001 -->
      </class> <!-- com.hrms.testscripts.TC001 -->
      <class name="com.hrms.testscripts.TC002">
        <test-method status="PASS" signature="tc002()[pri:0, instance:com.hrms.testscripts.TC002@2aece37d]" name="tc002" duration-ms="36013" started-at="2021-06-24T07:50:53Z" finished-at="2021-06-24T07:51:29Z">
          <reporter-output>
          </reporter-output>
        </test-method> <!-- tc002 -->
      </class> <!-- com.hrms.testscripts.TC002 -->
      <class name="com.hrms.testscripts.TC003">
        <test-method status="PASS" signature="tc003()[pri:0, instance:com.hrms.testscripts.TC003@48524010]" name="tc003" duration-ms="32833" started-at="2021-06-24T07:51:29Z" finished-at="2021-06-24T07:52:02Z">
          <reporter-output>
          </reporter-output>
        </test-method> <!-- tc003 -->
      </class> <!-- com.hrms.testscripts.TC003 -->
      <class name="com.hrms.testscripts.TC004">
        <test-method status="PASS" signature="tc004()[pri:0, instance:com.hrms.testscripts.TC004@4b168fa9]" name="tc004" duration-ms="25699" started-at="2021-06-24T07:52:02Z" finished-at="2021-06-24T07:52:28Z">
          <reporter-output>
          </reporter-output>
        </test-method> <!-- tc004 -->
      </class> <!-- com.hrms.testscripts.TC004 -->
    </test> <!-- Regression1 -->
  </suite> <!-- Suite1 -->
</testng-results>
